06/07/2019 08:58:17 PM - root - DEBUG - saving logs for debugging
06/07/2019 08:58:17 PM - root - INFO - time when the logs were captured
06/07/2019 08:58:17 PM - root - WARNING - Dice have been rolled again!
06/07/2019 08:58:17 PM - root - ERROR - No error found
06/07/2019 08:58:17 PM - root - CRITICAL - critical message
06/07/2019 09:05:44 PM - root - DEBUG - saving logs for debugging
06/07/2019 09:05:44 PM - root - INFO - time when the logs were captured
06/07/2019 09:05:44 PM - root - WARNING - Dice have been rolled again!
06/07/2019 09:05:44 PM - root - ERROR - No error found
06/07/2019 09:05:44 PM - root - CRITICAL - critical message
06/07/2019 09:06:26 PM - root - DEBUG - saving logs for debugging
06/07/2019 09:06:26 PM - root - INFO - time when the logs were captured
06/07/2019 09:06:26 PM - root - WARNING - Dice have been rolled again!
06/07/2019 09:06:26 PM - root - ERROR - No error found
06/07/2019 09:06:26 PM - root - CRITICAL - critical message
06/07/2019 09:31:53 PM - root - DEBUG - saving logs for debugging
06/07/2019 09:31:53 PM - root - INFO - time when the logs were captured
06/07/2019 09:31:53 PM - root - WARNING - Dice have been rolled again!
06/07/2019 09:31:53 PM - root - ERROR - No error found
06/07/2019 09:31:53 PM - root - CRITICAL - critical message
06/11/2019 03:28:15 PM - root - DEBUG - saving logs for debugging
06/11/2019 03:28:15 PM - root - INFO - time when the logs were captured
06/11/2019 03:28:15 PM - root - WARNING - Dice have been rolled again!
06/11/2019 03:28:15 PM - root - ERROR - No error found
06/11/2019 03:28:15 PM - root - CRITICAL - critical message
